0 info it worked if it ends with ok
1 verbose cli [ '/usr/local/bin/node',
1 verbose cli   '/Users/Casey/prefix/bin/npm',
1 verbose cli   'run',
1 verbose cli   'css' ]
2 info using npm@3.7.1
3 info using node@v5.6.0
4 verbose run-script [ 'precss', 'css', 'postcss' ]
5 info lifecycle portfolio@1.0.0~precss: portfolio@1.0.0
6 silly lifecycle portfolio@1.0.0~precss: no script for precss, continuing
7 info lifecycle portfolio@1.0.0~css: portfolio@1.0.0
8 verbose lifecycle portfolio@1.0.0~css: unsafe-perm in lifecycle true
9 verbose lifecycle portfolio@1.0.0~css: PATH: /Users/Casey/prefix/lib/node_modules/npm/bin/node-gyp-bin:/Users/Casey/Dev/portfolio/node_modules/.bin:/usr/local/bin:/Users/Casey/prefix/bin:/usr/local/bin:/usr/bin:/bin:/usr/sbin:/sbin:/usr/local/git/bin:/usr/local/mongodb/bin
10 verbose lifecycle portfolio@1.0.0~css: CWD: /Users/Casey/Dev/portfolio
11 silly lifecycle portfolio@1.0.0~css: Args: [ '-c', 'node-sass scss/bundle.scss -o public/css' ]
12 silly lifecycle portfolio@1.0.0~css: Returned: code: 1  signal: null
13 info lifecycle portfolio@1.0.0~css: Failed to exec css script
14 verbose stack Error: portfolio@1.0.0 css: `node-sass scss/bundle.scss -o public/css`
14 verbose stack Exit status 1
14 verbose stack     at EventEmitter.<anonymous> (/Users/Casey/prefix/lib/node_modules/npm/lib/utils/lifecycle.js:239:16)
14 verbose stack     at emitTwo (events.js:100:13)
14 verbose stack     at EventEmitter.emit (events.js:185:7)
14 verbose stack     at ChildProcess.<anonymous> (/Users/Casey/prefix/lib/node_modules/npm/lib/utils/spawn.js:24:14)
14 verbose stack     at emitTwo (events.js:100:13)
14 verbose stack     at ChildProcess.emit (events.js:185:7)
14 verbose stack     at maybeClose (internal/child_process.js:827:16)
14 verbose stack     at Process.ChildProcess._handle.onexit (internal/child_process.js:211:5)
15 verbose pkgid portfolio@1.0.0
16 verbose cwd /Users/Casey/Dev/portfolio
17 error Darwin 15.3.0
18 error argv "/usr/local/bin/node" "/Users/Casey/prefix/bin/npm" "run" "css"
19 error node v5.6.0
20 error npm  v3.7.1
21 error code ELIFECYCLE
22 error portfolio@1.0.0 css: `node-sass scss/bundle.scss -o public/css`
22 error Exit status 1
23 error Failed at the portfolio@1.0.0 css script 'node-sass scss/bundle.scss -o public/css'.
23 error Make sure you have the latest version of node.js and npm installed.
23 error If you do, this is most likely a problem with the portfolio package,
23 error not with npm itself.
23 error Tell the author that this fails on your system:
23 error     node-sass scss/bundle.scss -o public/css
23 error You can get information on how to open an issue for this project with:
23 error     npm bugs portfolio
23 error Or if that isn't available, you can get their info via:
23 error     npm owner ls portfolio
23 error There is likely additional logging output above.
24 verbose exit [ 1, true ]
